nohup: cloud-kind-provider: No such file or directory
I1023 16:23:15.038228   10986 app.go:46] FLAG: --enable-lb-port-mapping="false"
I1023 16:23:15.038375   10986 app.go:46] FLAG: --enable-log-dumping="false"
I1023 16:23:15.038381   10986 app.go:46] FLAG: --logs-dir=""
I1023 16:23:15.038386   10986 app.go:46] FLAG: --v="2"
F1023 16:23:15.038603   10986 app.go:51] Please run this again with `sudo`.
I1023 16:23:46.729408   11216 app.go:46] FLAG: --enable-lb-port-mapping="false"
I1023 16:23:46.729523   11216 app.go:46] FLAG: --enable-log-dumping="false"
I1023 16:23:46.729529   11216 app.go:46] FLAG: --logs-dir=""
I1023 16:23:46.729534   11216 app.go:46] FLAG: --v="2"
I1023 16:23:46.860734   11216 controller.go:174] probe HTTP address https://multi01-control-plane:6443
I1023 16:23:51.863636   11216 controller.go:177] Failed to connect to HTTP address https://multi01-control-plane:6443: Get "https://multi01-control-plane:6443": context deadline exceeded (Client.Timeout exceeded while awaiting headers)
I1023 16:23:51.863822   11216 controller.go:174] probe HTTP address https://multi01-control-plane:6443
I1023 16:23:56.864476   11216 controller.go:177] Failed to connect to HTTP address https://multi01-control-plane:6443: Get "https://multi01-control-plane:6443": context deadline exceeded (Client.Timeout exceeded while awaiting headers)
I1023 16:23:57.865821   11216 controller.go:174] probe HTTP address https://multi01-control-plane:6443
I1023 16:24:02.867207   11216 controller.go:177] Failed to connect to HTTP address https://multi01-control-plane:6443: Get "https://multi01-control-plane:6443": context deadline exceeded (Client.Timeout exceeded while awaiting headers)
I1023 16:24:04.868584   11216 controller.go:174] probe HTTP address https://multi01-control-plane:6443
I1023 16:24:09.869870   11216 controller.go:177] Failed to connect to HTTP address https://multi01-control-plane:6443: Get "https://multi01-control-plane:6443": context deadline exceeded (Client.Timeout exceeded while awaiting headers)
I1023 16:24:12.871010   11216 controller.go:174] probe HTTP address https://multi01-control-plane:6443
I1023 16:24:17.872379   11216 controller.go:177] Failed to connect to HTTP address https://multi01-control-plane:6443: Get "https://multi01-control-plane:6443": context deadline exceeded (Client.Timeout exceeded while awaiting headers)
E1023 16:24:21.873887   11216 controller.go:151] Failed to connect to apiserver multi01: <nil>
I1023 16:24:22.165669   11216 controller.go:174] probe HTTP address https://0.0.0.0:6443
I1023 16:24:22.178577   11216 controller.go:84] Creating new cloud provider for cluster multi01
I1023 16:24:22.186770   11216 controller.go:91] Starting cloud controller for cluster multi01
I1023 16:24:22.187197   11216 node_controller.go:176] Sending events to api server.
I1023 16:24:22.187226   11216 node_controller.go:185] Waiting for informer caches to sync
I1023 16:24:22.187268   11216 controller.go:235] Starting service controller
I1023 16:24:22.187635   11216 shared_informer.go:313] Waiting for caches to sync for service
I1023 16:24:22.188216   11216 envvar.go:172] "Feature gate default state" feature="WatchListClient" enabled=false
I1023 16:24:22.188225   11216 envvar.go:172] "Feature gate default state" feature="InformerResourceVersion" enabled=false
I1023 16:24:22.192582   11216 reflector.go:368] Caches populated for *v1.Node from pkg/mod/k8s.io/client-go@v0.31.1/tools/cache/reflector.go:243
I1023 16:24:22.192585   11216 reflector.go:368] Caches populated for *v1.Service from pkg/mod/k8s.io/client-go@v0.31.1/tools/cache/reflector.go:243
I1023 16:24:22.288788   11216 shared_informer.go:320] Caches are synced for service
I1023 16:24:22.289627   11216 controller.go:737] Syncing backends for all LB services.
I1023 16:24:22.289647   11216 controller.go:741] Successfully updated 0 out of 0 load balancers to direct traffic to the updated set of nodes
I1023 16:24:22.289659   11216 controller.go:737] Syncing backends for all LB services.
I1023 16:24:22.289667   11216 controller.go:741] Successfully updated 0 out of 0 load balancers to direct traffic to the updated set of nodes
I1023 16:24:22.289697   11216 controller.go:737] Syncing backends for all LB services.
I1023 16:24:22.289702   11216 controller.go:741] Successfully updated 0 out of 0 load balancers to direct traffic to the updated set of nodes
I1023 16:24:22.290300   11216 instances.go:47] Check instance metadata for multi01-worker
I1023 16:24:22.290300   11216 instances.go:47] Check instance metadata for multi01-worker2
I1023 16:24:22.291018   11216 instances.go:47] Check instance metadata for multi01-control-plane
I1023 16:24:22.345931   11216 instances.go:75] instance metadata for multi01-worker2: &cloudprovider.InstanceMetadata{ProviderID:"kind://multi01/kind/multi01-worker2", InstanceType:"kind-node", NodeAddresses:[]v1.NodeAddress{v1.NodeAddress{Type:"Hostname", Address:"multi01-worker2"}, v1.NodeAddress{Type:"InternalIP", Address:"172.18.0.2"}, v1.NodeAddress{Type:"InternalIP", Address:"fc00:f853:ccd:e793::2"}}, Zone:"", Region:"", AdditionalLabels:map[string]string(nil)}
I1023 16:24:22.346073   11216 instances.go:75] instance metadata for multi01-control-plane: &cloudprovider.InstanceMetadata{ProviderID:"kind://multi01/kind/multi01-control-plane", InstanceType:"kind-node", NodeAddresses:[]v1.NodeAddress{v1.NodeAddress{Type:"Hostname", Address:"multi01-control-plane"}, v1.NodeAddress{Type:"InternalIP", Address:"172.18.0.3"}, v1.NodeAddress{Type:"InternalIP", Address:"fc00:f853:ccd:e793::3"}}, Zone:"", Region:"", AdditionalLabels:map[string]string(nil)}
I1023 16:24:22.346072   11216 instances.go:75] instance metadata for multi01-worker: &cloudprovider.InstanceMetadata{ProviderID:"kind://multi01/kind/multi01-worker", InstanceType:"kind-node", NodeAddresses:[]v1.NodeAddress{v1.NodeAddress{Type:"Hostname", Address:"multi01-worker"}, v1.NodeAddress{Type:"InternalIP", Address:"172.18.0.4"}, v1.NodeAddress{Type:"InternalIP", Address:"fc00:f853:ccd:e793::4"}}, Zone:"", Region:"", AdditionalLabels:map[string]string(nil)}
I1023 16:24:22.358844   11216 node_controller.go:271] Update 3 nodes status took 69.978417ms.
I1023 16:24:31.232610   11216 app.go:69] Exiting: received signal
I1023 16:24:31.233628   11216 controller.go:253] Shutting down service controller
I1023 16:24:31.233714   11216 controller.go:304] Cleaning resources for cluster multi01
